<?xml version="1.0" ?>
<coverage version="5.5" timestamp="1624197469341" lines-valid="162" lines-covered="22" line-rate="0.1358" branches-covered="0" branches-valid="0" branch-rate="0" complexity="0">
	<!-- Generated by coverage.py: https://coverage.readthedocs.io -->
	<!-- Based on https://raw.githubusercontent.com/cobertura/web/master/htdocs/xml/coverage-04.dtd -->
	<sources>
		<source>/app/mllint-example-projects/src/mlbasic</source>
	</sources>
	<packages>
		<package name="." line-rate="0.1358" branch-rate="0" complexity="0">
			<classes>
				<class name="__init__.py" filename="__init__.py" complexity="0" line-rate="1" branch-rate="0">
					<methods/>
					<lines/>
				</class>
				<class name="evaluate.py" filename="evaluate.py" complexity="0" line-rate="0" branch-rate="0">
</coverage>
